syntax error

THREE ADDRESS CODE : 
************************************************************************************************************************

0: floor: 
1:     t0 = a / b
2:     t1 = float2int(t0)
3:     quotient = t1
4:     return quotient

5: pointer_test: 
6:     t0 = *a
7:     t1 = 10
8:     *a = t1
**********************************************************************************************************************************
************************************************************************************************************************
Name: Global                                                Parent Table: NULL
________________________________________________________________________________________________________________________
Name                                    Type                Init Value       Size           Offset         Nested
                                                                                                    
floor                                   int                 -                   4              0              floor
pointer_test                            void                -                   0              4              pointer_test
------------------------------------------------------------------------------------------------------------------------

************************************************************************************************************************
Name: floor                                                 Parent Table: Global
________________________________________________________________________________________________________________________
Name                                    Type                Init Value       Size           Offset         Nested
                                                                                                    
a                                       float               -                   8              0              NULL
b                                       float               -                   8              8              NULL
return                                  int                 -                   4              16             NULL
quotient                                int                 -                   4              20             NULL
t0                                      float                                   8              24             NULL
t1                                      int                                     4              32             NULL
------------------------------------------------------------------------------------------------------------------------

************************************************************************************************************************
Name: pointer_test                                          Parent Table: Global
________________________________________________________________________________________________________________________
Name                                    Type                Init Value       Size           Offset         Nested
                                                                                                    
a                                       ptr(int)            -                   4              0              NULL
t0                                      int                                     4              4              NULL
t1                                      int                 10                  4              8              NULL
------------------------------------------------------------------------------------------------------------------------

