
THREE ADDRESS CODE : 
************************************************************************************************************************

0: f: 
1:     t0 = 1
2:     t1 = t0 + b
3:     t2 = a >> t1
4:     return t2

5: fun: 
6:     param x
7:     param x
8:     t0 = call f, 2

9: fun.#0: 
10:     t0 = 0
11:     y = t0
12:     param x
13:     param y
14:     t1 = call f, 2
15:     y = t1
16:     t3 = 1
17:     yy = t3
18:     param yy
19:     param y
20:     t4 = call f, 2
21:     yy = t4

22: main: 
23:     t0 = 10
24:     t1 = 10
25:     t2 = 10
26:     x = t2

27: main.FOR#0: 
28:     t0 = 1
29:     l = t0
30:     t1 = 10
31:     if l < t1 goto 36
32:     goto 55
33:     t2 = l
34:     l = l + 1
35:     goto 30

36: main.FOR#0.FOR#1: 
37:     t0 = 0
38:     i = t0
39:     t1 = 10
40:     if i < t1 goto 45
41:     goto 33
42:     t2 = i
43:     i = i + 1
44:     goto 39
45:     t3 = i * 40
46:     t5 = j * 4
47:     t4 = t3 + t5
48:     t6 = 2
49:     t7 = i * t6
50:     t8 = l + t7
51:     t9 = t8 + x
52:     ar[t4] = t9
53:     goto 42
54:     goto 33
55:     t3 = 16
56:     r = t3
57:     param r
58:     t5 = call fun, 1
**********************************************************************************************************************************
************************************************************************************************************************
Name: Global                                                Parent Table: NULL
________________________________________________________________________________________________________________________
Name                                    Type                Init Value       Size           Offset         Nested
                                                                                                    
f                                       int                 -                   4              0              f
fun                                     int                 -                   4              4              fun
main                                    int                 -                   4              8              main
------------------------------------------------------------------------------------------------------------------------

************************************************************************************************************************
Name: f                                                     Parent Table: Global
________________________________________________________________________________________________________________________
Name                                    Type                Init Value       Size           Offset         Nested
                                                                                                    
a                                       int                 -                   4              0              NULL
b                                       int                 -                   4              4              NULL
return                                  int                 -                   4              8              NULL
t0                                      int                 1                   4              12             NULL
t1                                      int                                     4              16             NULL
t2                                      int                                     4              20             NULL
------------------------------------------------------------------------------------------------------------------------

************************************************************************************************************************
Name: fun                                                   Parent Table: Global
________________________________________________________________________________________________________________________
Name                                    Type                Init Value       Size           Offset         Nested
                                                                                                    
x                                       int                 -                   4              0              NULL
return                                  int                 -                   4              4              NULL
t0                                      int                                     4              8              NULL
fun.#0                                  block               -                   4              12             fun.#0
------------------------------------------------------------------------------------------------------------------------

************************************************************************************************************************
Name: fun.#0                                                Parent Table: fun
________________________________________________________________________________________________________________________
Name                                    Type                Init Value       Size           Offset         Nested
                                                                                                    
y                                       int                 0                   4              0              NULL
t0                                      int                 0                   4              4              NULL
t1                                      int                                     4              8              NULL
t2                                      int                                     4              12             NULL
yy                                      int                 1                   4              16             NULL
t3                                      int                 1                   4              20             NULL
t4                                      int                                     4              24             NULL
t5                                      int                                     4              28             NULL
------------------------------------------------------------------------------------------------------------------------

************************************************************************************************************************
Name: main                                                  Parent Table: Global
________________________________________________________________________________________________________________________
Name                                    Type                Init Value       Size           Offset         Nested
                                                                                                    
return                                  int                 -                   4              0              NULL
ar                                      arr(10,arr(10,int)) -                   400            4              NULL
t0                                      int                 10                  4              404            NULL
t1                                      int                 10                  4              408            NULL
x                                       int                 10                  4              412            NULL
t2                                      int                 10                  4              416            NULL
r                                       int                 -                   4              420            NULL
main.FOR#0                              block               -                   4              424            main.FOR#0
t3                                      int                 16                  4              428            NULL
t4                                      int                                     4              432            NULL
t5                                      int                                     4              436            NULL
------------------------------------------------------------------------------------------------------------------------

************************************************************************************************************************
Name: main.FOR#0                                            Parent Table: main
________________________________________________________________________________________________________________________
Name                                    Type                Init Value       Size           Offset         Nested
                                                                                                    
l                                       int                 1                   4              0              NULL
t0                                      int                 1                   4              4              NULL
t1                                      int                 10                  4              8              NULL
t2                                      int                                     4              12             NULL
main.FOR#0.FOR#1                        block               -                   4              16             main.FOR#0.FOR#1
------------------------------------------------------------------------------------------------------------------------

************************************************************************************************************************
Name: main.FOR#0.FOR#1                                      Parent Table: main.FOR#0
________________________________________________________________________________________________________________________
Name                                    Type                Init Value       Size           Offset         Nested
                                                                                                    
i                                       int                 0                   4              0              NULL
t0                                      int                 0                   4              4              NULL
t1                                      int                 10                  4              8              NULL
t2                                      int                                     4              12             NULL
t3                                      int                                     4              16             NULL
j                                       int                 -                   4              20             NULL
t4                                      int                                     4              24             NULL
t5                                      int                                     4              28             NULL
t6                                      int                 2                   4              32             NULL
t7                                      int                                     4              36             NULL
t8                                      int                                     4              40             NULL
t9                                      int                                     4              44             NULL
t10                                     int                                     4              48             NULL
------------------------------------------------------------------------------------------------------------------------

