
THREE ADDRESS CODE : 
************************************************************************************************************************

0: fac: 
1:     t0 = 1
2:     if a <= t0 goto 5
3:     goto 7
4:     goto 7
5:     return a
6:     goto 7
7:     ans = a
8:     t1 = 1
9:     t2 = a - t1
10:     param t2
11:     t3 = call fac, 1
12:     t4 = ans * t3
13:     return t4

14: main: 
15:     t0 = 5
16:     a = t0
17:     param a
18:     t2 = call fac, 1
19:     g = t2
20:     t4 = 0
21:     return t4
**********************************************************************************************************************************
************************************************************************************************************************
Name: Global                                                Parent Table: NULL
________________________________________________________________________________________________________________________
Name                                    Type                Init Value       Size           Offset         Nested
                                                                                                    
fac                                     int                 -                   4              0              fac
main                                    int                 -                   4              4              main
------------------------------------------------------------------------------------------------------------------------

************************************************************************************************************************
Name: fac                                                   Parent Table: Global
________________________________________________________________________________________________________________________
Name                                    Type                Init Value       Size           Offset         Nested
                                                                                                    
a                                       int                 -                   4              0              NULL
return                                  int                 -                   4              4              NULL
t0                                      int                 1                   4              8              NULL
ans                                     int                 -                   4              12             NULL
t1                                      int                 1                   4              16             NULL
t2                                      int                                     4              20             NULL
t3                                      int                                     4              24             NULL
t4                                      int                                     4              28             NULL
------------------------------------------------------------------------------------------------------------------------

************************************************************************************************************************
Name: main                                                  Parent Table: Global
________________________________________________________________________________________________________________________
Name                                    Type                Init Value       Size           Offset         Nested
                                                                                                    
return                                  int                 -                   4              0              NULL
a                                       int                 -                   4              4              NULL
g                                       int                 -                   4              8              NULL
t0                                      int                 5                   4              12             NULL
t1                                      int                                     4              16             NULL
t2                                      int                                     4              20             NULL
t3                                      int                                     4              24             NULL
t4                                      int                 0                   4              28             NULL
------------------------------------------------------------------------------------------------------------------------

