
THREE ADDRESS CODE : 
************************************************************************************************************************

0: max: 
1:     if x < y goto 4
2:     goto 5
3:     goto 9
4:     goto 7
5:     t0 = x
6:     goto 9
7:     t0 = y
8:     goto 9
9:     ans = t0
10:     return ans

11: min: 
12:     if x < y goto 15
13:     goto 17
14:     goto 18
15:     ans = x
16:     goto 18
17:     ans = y
18:     return ans

19: cal: 
20:     param a
21:     param b
22:     t0 = call min, 2
23:     i = t0
24:     param a
25:     param b
26:     t2 = call max, 2
27:     j = t2
28:     t4 = j - i
29:     d = t4
30:     return d

31: main: 
32:     t0 = 10
33:     a = t0
34:     t2 = 5
35:     b = t2
36:     param a
37:     param b
38:     t4 = call cal, 2
39:     d = t4
40:     t6 = 0
41:     return t6
**********************************************************************************************************************************
************************************************************************************************************************
Name: Global                                                Parent Table: NULL
________________________________________________________________________________________________________________________
Name                                    Type                Init Value       Size           Offset         Nested
                                                                                                    
max                                     int                 -                   4              0              max
min                                     int                 -                   4              4              min
a                                       int                 -                   4              8              NULL
cal                                     int                 -                   4              12             cal
main                                    int                 -                   4              16             main
------------------------------------------------------------------------------------------------------------------------

************************************************************************************************************************
Name: max                                                   Parent Table: Global
________________________________________________________________________________________________________________________
Name                                    Type                Init Value       Size           Offset         Nested
                                                                                                    
x                                       int                 -                   4              0              NULL
y                                       int                 -                   4              4              NULL
return                                  int                 -                   4              8              NULL
ans                                     int                 -                   4              12             NULL
t0                                      int                                     4              16             NULL
t1                                      int                                     4              20             NULL
------------------------------------------------------------------------------------------------------------------------

************************************************************************************************************************
Name: min                                                   Parent Table: Global
________________________________________________________________________________________________________________________
Name                                    Type                Init Value       Size           Offset         Nested
                                                                                                    
x                                       int                 -                   4              0              NULL
y                                       int                 -                   4              4              NULL
return                                  int                 -                   4              8              NULL
ans                                     int                 -                   4              12             NULL
t0                                      int                                     4              16             NULL
t1                                      int                                     4              20             NULL
------------------------------------------------------------------------------------------------------------------------

************************************************************************************************************************
Name: cal                                                   Parent Table: Global
________________________________________________________________________________________________________________________
Name                                    Type                Init Value       Size           Offset         Nested
                                                                                                    
a                                       int                 -                   4              0              NULL
b                                       int                 -                   4              4              NULL
return                                  int                 -                   4              8              NULL
i                                       int                 -                   4              12             NULL
j                                       int                 -                   4              16             NULL
d                                       int                 -                   4              20             NULL
t0                                      int                                     4              24             NULL
t1                                      int                                     4              28             NULL
t2                                      int                                     4              32             NULL
t3                                      int                                     4              36             NULL
t4                                      int                                     4              40             NULL
t5                                      int                                     4              44             NULL
------------------------------------------------------------------------------------------------------------------------

************************************************************************************************************************
Name: main                                                  Parent Table: Global
________________________________________________________________________________________________________________________
Name                                    Type                Init Value       Size           Offset         Nested
                                                                                                    
return                                  int                 -                   4              0              NULL
b                                       int                 -                   4              4              NULL
d                                       int                 -                   4              8              NULL
t0                                      int                 10                  4              12             NULL
t1                                      int                                     4              16             NULL
t2                                      int                 5                   4              20             NULL
t3                                      int                                     4              24             NULL
t4                                      int                                     4              28             NULL
t5                                      int                                     4              32             NULL
t6                                      int                 0                   4              36             NULL
------------------------------------------------------------------------------------------------------------------------

