
THREE ADDRESS CODE : 
************************************************************************************************************************
0:     t0 = 0
1:     x = t0

2: main: 
3:     t0 = 0
4:     sum = t0
5:     t1 = 'a'
6:     a = t1
7:     t2 = 5
8:     t3 = 5
9:     n = t3
10:     t5 = 100
11:     j = t5
12:     t7 = 0
13:     i = t7

14: main.WHILE#0: 
15:     t0 = 5
16:     if i < t0 goto 18
17:     goto 25
18:     t1 = i
19:     i = i + 1
20:     j = j + 1
21:     t2 = i * 4
22:     t3 = i * j
23:     p[t2] = t3
24:     goto 15
25:     t9 = i * 4
26:     t10 = p[t9]
27:     t11 = sum + t10
28:     sum = t11
29:     if i < n goto 25
30:     goto 31
31:     t13 = 0
32:     return t13
**********************************************************************************************************************************
************************************************************************************************************************
Name: Global                                                Parent Table: NULL
________________________________________________________________________________________________________________________
Name                                    Type                Init Value       Size           Offset         Nested
                                                                                                    
x                                       int                 0                   4              0              NULL
t0                                      int                 0                   4              4              NULL
main                                    int                 -                   4              8              main
------------------------------------------------------------------------------------------------------------------------

************************************************************************************************************************
Name: main                                                  Parent Table: Global
________________________________________________________________________________________________________________________
Name                                    Type                Init Value       Size           Offset         Nested
                                                                                                    
return                                  int                 -                   4              0              NULL
i                                       int                 -                   4              4              NULL
j                                       int                 -                   4              8              NULL
n                                       int                 -                   4              12             NULL
sum                                     int                 0                   4              16             NULL
t0                                      int                 0                   4              20             NULL
a                                       char                'a'                 1              24             NULL
t1                                      char                'a'                 1              25             NULL
p                                       arr(5,int)          -                   20             26             NULL
t2                                      int                 5                   4              46             NULL
t3                                      int                 5                   4              50             NULL
t4                                      int                                     4              54             NULL
t5                                      int                 100                 4              58             NULL
t6                                      int                                     4              62             NULL
t7                                      int                 0                   4              66             NULL
t8                                      int                                     4              70             NULL
main.WHILE#0                            block               -                   4              74             main.WHILE#0
t9                                      int                                     4              78             NULL
t10                                     int                                     4              82             NULL
t11                                     int                                     4              86             NULL
t12                                     int                                     4              90             NULL
t13                                     int                 0                   4              94             NULL
------------------------------------------------------------------------------------------------------------------------

************************************************************************************************************************
Name: main.WHILE#0                                          Parent Table: main
________________________________________________________________________________________________________________________
Name                                    Type                Init Value       Size           Offset         Nested
                                                                                                    
t0                                      int                 5                   4              0              NULL
t1                                      int                                     4              4              NULL
t2                                      int                                     4              8              NULL
t3                                      int                                     4              12             NULL
t4                                      int                                     4              16             NULL
------------------------------------------------------------------------------------------------------------------------

